\BOOKMARK [0][-]{chapter.1}{\376\377\176\352\213\272}{}% 1
\BOOKMARK [1][-]{section.1.1}{\376\377\170\024\172\166\200\314\146\157}{chapter.1}% 2
\BOOKMARK [1][-]{section.1.2}{\376\377\170\024\172\166\163\260\162\266}{chapter.1}% 3
\BOOKMARK [1][-]{section.1.3}{\376\377\170\024\172\166\121\205\133\271}{chapter.1}% 4
\BOOKMARK [0][-]{chapter.2}{\376\377\166\370\121\163\145\271\154\325}{}% 5
\BOOKMARK [1][-]{section.2.1}{\376\377\165\037\142\020\133\371\142\227\177\121\176\334\123\312\121\166\123\330\117\123}{chapter.2}% 6
\BOOKMARK [2][-]{subsection.2.1.1}{\376\377\165\037\142\020\133\371\142\227\177\121\176\334\000G\000A\000N}{section.2.1}% 7
\BOOKMARK [2][-]{subsection.2.1.2}{\376\377\000C\000G\000A\000N}{section.2.1}% 8
\BOOKMARK [2][-]{subsection.2.1.3}{\376\377\000W\000G\000A\000N}{section.2.1}% 9
\BOOKMARK [1][-]{section.2.2}{\376\377\000V\000A\000E}{chapter.2}% 10
\BOOKMARK [1][-]{section.2.3}{\376\377\000S\000M\000O\000T\000E}{chapter.2}% 11
\BOOKMARK [1][-]{section.2.4}{\376\377\000t\000-\000S\000N\000E}{chapter.2}% 12
\BOOKMARK [1][-]{section.2.5}{\376\377\147\054\172\340\134\017\176\323}{chapter.2}% 13
\BOOKMARK [0][-]{chapter.3}{\376\377\000T\000O\000G\000A\000N\176\323\147\204\123\312\164\006\213\272}{}% 14
\BOOKMARK [1][-]{section.3.1}{\376\377\000T\000O\000G\000A\000N\143\320\121\372\122\250\147\072}{chapter.3}% 15
\BOOKMARK [1][-]{section.3.2}{\376\377\000T\000O\000G\000A\000N\127\372\147\054\150\106\147\266}{chapter.3}% 16
\BOOKMARK [1][-]{section.3.3}{\376\377\000T\000O\000G\000A\000N\143\137\131\061\121\375\145\160\123\312\173\227\154\325}{chapter.3}% 17
\BOOKMARK [2][-]{subsection.3.3.1}{\376\377\000T\000O\000G\000A\000N\143\137\131\061\121\375\145\160}{section.3.3}% 18
\BOOKMARK [2][-]{subsection.3.3.2}{\376\377\000T\000O\000G\000A\000N\173\227\154\325}{section.3.3}% 19
\BOOKMARK [1][-]{section.3.4}{\376\377\164\006\213\272\213\301\146\016}{chapter.3}% 20
\BOOKMARK [1][-]{section.3.5}{\376\377\152\041\142\337\133\236\232\214}{chapter.3}% 21
\BOOKMARK [2][-]{subsection.3.5.1}{\376\377\152\041\142\337\145\160\143\156}{section.3.5}% 22
\BOOKMARK [2][-]{subsection.3.5.2}{\376\377\213\304\116\367\145\271\154\325}{section.3.5}% 23
\BOOKMARK [2][-]{subsection.3.5.3}{\376\377\152\041\127\213\176\323\147\204\123\312\123\302\145\160\213\276\177\156}{section.3.5}% 24
\BOOKMARK [2][-]{subsection.3.5.4}{\376\377\116\214\122\006\174\173\152\041\142\337\176\323\147\234}{section.3.5}% 25
\BOOKMARK [2][-]{subsection.3.5.5}{\376\377\131\032\122\006\174\173\152\041\142\337\176\323\147\234}{section.3.5}% 26
\BOOKMARK [1][-]{section.3.6}{\376\377\147\054\172\340\134\017\176\323}{chapter.3}% 27
\BOOKMARK [0][-]{chapter.4}{\376\377\127\372\116\216\000T\000O\000G\000A\000N\166\204\126\376\120\317\122\006\174\173\170\024\172\166}{}% 28
\BOOKMARK [1][-]{section.4.1}{\376\377\126\376\120\317\122\006\174\173\145\160\143\156\226\306}{chapter.4}% 29
\BOOKMARK [1][-]{section.4.2}{\376\377\133\236\232\214\213\276\177\156}{chapter.4}% 30
\BOOKMARK [1][-]{section.4.3}{\376\377\133\236\232\214\176\323\147\234}{chapter.4}% 31
\BOOKMARK [1][-]{section.4.4}{\376\377\147\054\172\340\134\017\176\323}{chapter.4}% 32
\BOOKMARK [0][-]{chapter.5}{\376\377\127\372\116\216\000T\000O\000G\000A\000N\166\204\145\207\147\054\230\316\150\074\217\301\171\373\170\024\172\166}{}% 33
\BOOKMARK [1][-]{section.5.1}{\376\377\145\207\147\054\230\316\150\074\217\301\171\373}{chapter.5}% 34
\BOOKMARK [2][-]{subsection.5.1.1}{\376\377\000T\000O\000G\000A\000N\176\323\147\204}{section.5.1}% 35
\BOOKMARK [2][-]{subsection.5.1.2}{\376\377\213\255\176\303\145\271\154\325}{section.5.1}% 36
\BOOKMARK [1][-]{section.5.2}{\376\377\133\371\153\324\145\271\154\325}{chapter.5}% 37
\BOOKMARK [1][-]{section.5.3}{\376\377\000G\000Y\000A\000F\000C\145\160\143\156\226\306}{chapter.5}% 38
\BOOKMARK [1][-]{section.5.4}{\376\377\213\304\116\367\143\007\150\007}{chapter.5}% 39
\BOOKMARK [1][-]{section.5.5}{\376\377\133\236\232\214\213\276\177\156}{chapter.5}% 40
\BOOKMARK [1][-]{section.5.6}{\376\377\133\236\232\214\176\323\147\234}{chapter.5}% 41
\BOOKMARK [1][-]{section.5.7}{\376\377\147\054\172\340\134\017\176\323}{chapter.5}% 42
\BOOKMARK [0][-]{chapter.6}{\376\377\140\073\176\323\116\016\134\125\147\033}{}% 43
\BOOKMARK [1][-]{section.6.1}{\376\377\140\073\176\323}{chapter.6}% 44
\BOOKMARK [1][-]{section.6.2}{\376\377\134\125\147\033}{chapter.6}% 45
\BOOKMARK [0][-]{section*.21}{\376\377\123\302\200\003\145\207\163\056}{}% 46
\BOOKMARK [0][-]{section*.23}{\376\377\127\050\133\146\147\037\225\364\166\204\170\024\172\166\142\020\147\234}{}% 47
\BOOKMARK [0][-]{section*.25}{\376\377\201\364\214\042}{}% 48
